#
# There is insufficient memory for the Java Runtime Environment to continue.
# Native memory allocation (mmap) failed to map 17179869184 bytes. Error detail: committing reserved memory.
# Possible reasons:
#   The system is out of physical RAM or swap space
#   This process is running with CompressedOops enabled, and the Java Heap may be blocking the growth of the native heap
# Possible solutions:
#   Reduce memory load on the system
#   Increase physical memory or swap space
#   Check if swap backing store is full
#   Decrease Java heap size (-Xmx/-Xms)
#   Decrease number of Java threads
#   Decrease Java thread stack sizes (-Xss)
#   Set larger code cache with -XX:ReservedCodeCacheSize=
#   JVM is running with Zero Based Compressed Oops mode in which the Java heap is
#     placed in the first 32GB address space. The Java Heap base address is the
#     maximum limit for the native heap growth. Please use -XX:HeapBaseMinAddress
#     to set the Java Heap base and to place the Java Heap above 32GB virtual address.
# This output file may be truncated or incomplete.
#
#  Out of Memory Error (os_linux.cpp:2829), pid=90591, tid=90592
#
# JRE version:  (21.0.7+6) (build )
# Java VM: OpenJDK 64-Bit Server VM (21.0.7+6-Ubuntu-0ubuntu120.04, mixed mode, sharing, tiered, compressed oops, compressed class ptrs, g1 gc, linux-amd64)
# Core dump will be written. Default location: Core dumps may be processed with "/usr/share/apport/apport -p%p -s%s -c%c -d%d -P%P -u%u -g%g -- %E" (or dumping to /workspaces/Server-1.21.4/servidor_minecraft/core.90591)
#

---------------  S U M M A R Y ------------

Command Line: -Xms16G -Xmx16G fabric-server-launch.jar nogui

Host: AMD EPYC 7763 64-Core Processor, 4 cores, 15G, Ubuntu 20.04.6 LTS
Time: Sun Jun  8 23:11:51 2025 UTC elapsed time: 0.004078 seconds (0d 0h 0m 0s)

---------------  T H R E A D  ---------------

Current thread (0x000079f408018940):  JavaThread "Unknown thread" [_thread_in_vm, id=90592, stack(0x000079f41009a000,0x000079f41019b000) (1028K)]

Stack: [0x000079f41009a000,0x000079f41019b000],  sp=0x000079f410199530,  free space=1021k
Native frames: (J=compiled Java code, j=interpreted, Vv=VM code, C=native code)
V  [libjvm.so+0x1014b85]  VMError::report_and_die(int, char const*, char const*, __va_list_tag*, Thread*, unsigned char*, void*, void*, char const*, int, unsigned long)+0x285  (os_linux.cpp:2829)
V  [libjvm.so+0x10155a1]
V  [libjvm.so+0x6b9823]
V  [libjvm.so+0xcfa9fe]  os::pd_commit_memory_or_exit(char*, unsigned long, unsigned long, bool, char const*)+0xde
V  [libjvm.so+0xcf3fb1]  os::commit_memory_or_exit(char*, unsigned long, unsigned long, bool, char const*)+0x21
V  [libjvm.so+0x813e5b]  G1PageBasedVirtualSpace::commit(unsigned long, unsigned long)+0xfb
V  [libjvm.so+0x82a193]  G1RegionsLargerThanCommitSizeMapper::commit_regions(unsigned int, unsigned long, WorkerThreads*)+0xa3
V  [libjvm.so+0x8b8769]  HeapRegionManager::commit_regions(unsigned int, unsigned long, WorkerThreads*)+0x59
V  [libjvm.so+0x8ba3e6]  HeapRegionManager::expand(unsigned int, unsigned int, WorkerThreads*)+0x36
V  [libjvm.so+0x8ba60e]  HeapRegionManager::expand_by(unsigned int, WorkerThreads*)+0x7e
V  [libjvm.so+0x7cdb3a]  G1CollectedHeap::expand(unsigned long, WorkerThreads*, double*)+0xfa
V  [libjvm.so+0x7ce149]  G1CollectedHeap::initialize()+0x5c9
V  [libjvm.so+0xfb901a]  universe_init()+0xda
V  [libjvm.so+0x8d81eb]  init_globals()+0x3b
V  [libjvm.so+0xf97975]  Threads::create_vm(JavaVMInitArgs*, bool*)+0x275
V  [libjvm.so+0x9b2f93]  JNI_CreateJavaVM+0x53
C  [libjli.so+0x4693]  JavaMain+0x93
C  [libjli.so+0x832d]  ThreadJavaMain+0xd

---------------  P R O C E S S  ---------------

Threads class SMR info:
_java_thread_list=0x000079f411a3bcc0, length=0, elements={
}

Java Threads: ( => current thread )
Total: 0

Other Threads:
  0x000079f408043100 WorkerThread "GC Thread#0"                     [id=90593, stack(0x000079f40f868000,0x000079f40f968000) (1024K)]
  0x000079f4080546f0 ConcurrentGCThread "G1 Main Marker"            [id=90594, stack(0x000079f40d700000,0x000079f40d800000) (1024K)]
  0x000079f408055690 WorkerThread "G1 Conc#0"                       [id=90595, stack(0x000079f40d5ff000,0x000079f40d6ff000) (1024K)]

[error occurred during error reporting (printing all threads), id 0xb, SIGSEGV (0xb) at pc=0x000079f410cd7e74]
VM state: not at safepoint (not fully initialized)

VM Mutex/Monitor currently owned by a thread:  ([mutex/lock_event])
[0x000079f411a15bf0] Heap_lock - owner thread: 0x000079f408018940

Heap address: 0x0000000400000000, size: 16384 MB, Compressed Oops mode: Zero based, Oop shift amount: 3

CDS archive(s) mapped at: [0x0000000000000000-0x0000000000000000-0x0000000000000000), size 0, SharedBaseAddress: 0x0000000800000000, ArchiveRelocationMode: 1.
Narrow klass base: 0x0000000000000000, Narrow klass shift: 0, Narrow klass range: 0x0

GC Precious Log:
 CardTable entry size: 512
 Card Set container configuration: InlinePtr #cards 4 size 8 Array Of Cards #cards 64 size 144 Howl #buckets 8 coarsen threshold 14745 Howl Bitmap #cards 2048 size 272 coarsen threshold 1843 Card regions per heap region 1 cards per card region 16384

Heap:
 garbage-first heap   total 0K, used 0K [0x0000000400000000, 0x0000000800000000)
  region size 8192K, 0 young (0K), 0 survivors (0K)

[error occurred during error reporting (printing heap information), id 0xb, SIGSEGV (0xb) at pc=0x000079f411296cfe]
GC Heap History (0 events):
No events

Dll operation events (1 events):
Event: 0.001 Loaded shared library /usr/lib/jvm/java-21-openjdk-amd64/lib/libjava.so

Deoptimization events (0 events):
No events

Classes loaded (0 events):
No events

Classes unloaded (0 events):
No events

Classes redefined (0 events):
No events

Internal exceptions (0 events):
No events

ZGC Phase Switch (0 events):
No events

VM Operations (0 events):
No events

Memory protections (1 events):
Event: 0.001 Protecting memory [0x000079f41009a000,0x000079f41009e000] with protection modes 0

Nmethod flushes (0 events):
No events

Events (0 events):
No events


Dynamic libraries:
6372e5ed0000-6372e5ed1000 r--p 00000000 00:2c 1225814                    /usr/lib/jvm/java-21-openjdk-amd64/bin/java
6372e5ed1000-6372e5ed2000 r-xp 00001000 00:2c 1225814                    /usr/lib/jvm/java-21-openjdk-amd64/bin/java
6372e5ed2000-6372e5ed3000 r--p 00002000 00:2c 1225814                    /usr/lib/jvm/java-21-openjdk-amd64/bin/java
6372e5ed3000-6372e5ed4000 r--p 00002000 00:2c 1225814                    /usr/lib/jvm/java-21-openjdk-amd64/bin/java
6372e5ed4000-6372e5ed5000 rw-p 00003000 00:2c 1225814                    /usr/lib/jvm/java-21-openjdk-amd64/bin/java
637315afd000-637315b44000 rw-p 00000000 00:00 0                          [heap]
79f3d0000000-79f3d0021000 rw-p 00000000 00:00 0 
79f3d0021000-79f3d4000000 ---p 00000000 00:00 0 
79f3d4000000-79f3d4021000 rw-p 00000000 00:00 0 
79f3d4021000-79f3d8000000 ---p 00000000 00:00 0 
79f3d8000000-79f3d8021000 rw-p 00000000 00:00 0 
79f3d8021000-79f3dc000000 ---p 00000000 00:00 0 
79f3dc800000-79f3de800000 rw-p 00000000 00:00 0 
79f3de800000-79f3f0800000 ---p 00000000 00:00 0 
79f3f0800000-79f3f0a70000 rwxp 00000000 00:00 0 
79f3f0a70000-79f3f7d37000 ---p 00000000 00:00 0 
79f3f7d37000-79f3f7fa7000 rwxp 00000000 00:00 0 
79f3f7fa7000-79f3f82c8000 ---p 00000000 00:00 0 
79f3f82c8000-79f3f8538000 rwxp 00000000 00:00 0 
79f3f8538000-79f3ff800000 ---p 00000000 00:00 0 
79f3ff9dd000-79f408000000 r--s 00000000 00:2c 1225964                    /usr/lib/jvm/java-21-openjdk-amd64/lib/modules
79f408000000-79f408074000 rw-p 00000000 00:00 0 
79f408074000-79f40c000000 ---p 00000000 00:00 0 
79f40cd93000-79f40d5fe000 rw-p 00000000 00:00 0 
79f40d5fe000-79f40d5ff000 ---p 00000000 00:00 0 
79f40d5ff000-79f40d6ff000 rw-p 00000000 00:00 0 
79f40d6ff000-79f40d700000 ---p 00000000 00:00 0 
79f40d700000-79f40d800000 rw-p 00000000 00:00 0 
79f40d800000-79f40f800000 ---p 00000000 00:00 0 
79f40f867000-79f40f868000 ---p 00000000 00:00 0 
79f40f868000-79f40f968000 rw-p 00000000 00:00 0 
79f40f968000-79f40fe78000 rw-p 00000000 00:00 0 
79f40fe78000-79f40ff5e000 ---p 00000000 00:00 0 
79f40ff5e000-79f40ff63000 rw-p 00000000 00:00 0 
79f40ff63000-79f410049000 ---p 00000000 00:00 0 
79f410049000-79f41004e000 rw-p 00000000 00:00 0 
79f41004e000-79f410055000 ---p 00000000 00:00 0 
79f410055000-79f410062000 r--p 00000000 00:2c 1225941                    /usr/lib/jvm/java-21-openjdk-amd64/lib/libjava.so
79f410062000-79f410071000 r-xp 0000d000 00:2c 1225941                    /usr/lib/jvm/java-21-openjdk-amd64/lib/libjava.so
79f410071000-79f410076000 r--p 0001c000 00:2c 1225941                    /usr/lib/jvm/java-21-openjdk-amd64/lib/libjava.so
79f410076000-79f410077000 ---p 00021000 00:2c 1225941                    /usr/lib/jvm/java-21-openjdk-amd64/lib/libjava.so
79f410077000-79f410078000 r--p 00021000 00:2c 1225941                    /usr/lib/jvm/java-21-openjdk-amd64/lib/libjava.so
79f410078000-79f410079000 rw-p 00022000 00:2c 1225941                    /usr/lib/jvm/java-21-openjdk-amd64/lib/libjava.so
79f410079000-79f41007a000 rw-p 00000000 00:00 0 
79f41007a000-79f41007d000 r--p 00000000 00:2c 1183273                    /usr/lib/x86_64-linux-gnu/libnss_files-2.31.so
79f41007d000-79f410084000 r-xp 00003000 00:2c 1183273                    /usr/lib/x86_64-linux-gnu/libnss_files-2.31.so
79f410084000-79f410086000 r--p 0000a000 00:2c 1183273                    /usr/lib/x86_64-linux-gnu/libnss_files-2.31.so
79f410086000-79f410087000 r--p 0000b000 00:2c 1183273                    /usr/lib/x86_64-linux-gnu/libnss_files-2.31.so
79f410087000-79f410088000 rw-p 0000c000 00:2c 1183273                    /usr/lib/x86_64-linux-gnu/libnss_files-2.31.so
79f410088000-79f41008e000 rw-p 00000000 00:00 0 
79f410090000-79f410098000 rw-s 00000000 08:11 3408078                    /tmp/hsperfdata_codespace/90591
79f410098000-79f410099000 ---p 00000000 00:00 0 
79f410099000-79f41009a000 r--p 00000000 00:00 0 
79f41009a000-79f41009e000 ---p 00000000 00:00 0 
79f41009e000-79f41019b000 rw-p 00000000 00:00 0 
79f41019b000-79f41019e000 r--p 00000000 00:2c 1180610                    /usr/lib/x86_64-linux-gnu/libgcc_s.so.1
79f41019e000-79f4101b0000 r-xp 00003000 00:2c 1180610                    /usr/lib/x86_64-linux-gnu/libgcc_s.so.1
79f4101b0000-79f4101b4000 r--p 00015000 00:2c 1180610                    /usr/lib/x86_64-linux-gnu/libgcc_s.so.1
79f4101b4000-79f4101b5000 r--p 00018000 00:2c 1180610                    /usr/lib/x86_64-linux-gnu/libgcc_s.so.1
79f4101b5000-79f4101b6000 rw-p 00019000 00:2c 1180610                    /usr/lib/x86_64-linux-gnu/libgcc_s.so.1
79f4101b6000-79f4101c3000 r--p 00000000 00:2c 1183262                    /usr/lib/x86_64-linux-gnu/libm-2.31.so
79f4101c3000-79f41026a000 r-xp 0000d000 00:2c 1183262                    /usr/lib/x86_64-linux-gnu/libm-2.31.so
79f41026a000-79f410303000 r--p 000b4000 00:2c 1183262                    /usr/lib/x86_64-linux-gnu/libm-2.31.so
79f410303000-79f410304000 r--p 0014c000 00:2c 1183262                    /usr/lib/x86_64-linux-gnu/libm-2.31.so
79f410304000-79f410305000 rw-p 0014d000 00:2c 1183262                    /usr/lib/x86_64-linux-gnu/libm-2.31.so
79f410305000-79f41039b000 r--p 00000000 00:2c 1180695                    /usr/lib/x86_64-linux-gnu/libstdc++.so.6.0.28
79f41039b000-79f41048c000 r-xp 00096000 00:2c 1180695                    /usr/lib/x86_64-linux-gnu/libstdc++.so.6.0.28
79f41048c000-79f4104d5000 r--p 00187000 00:2c 1180695                    /usr/lib/x86_64-linux-gnu/libstdc++.so.6.0.28
79f4104d5000-79f4104d6000 ---p 001d0000 00:2c 1180695                    /usr/lib/x86_64-linux-gnu/libstdc++.so.6.0.28
79f4104d6000-79f4104e1000 r--p 001d0000 00:2c 1180695                    /usr/lib/x86_64-linux-gnu/libstdc++.so.6.0.28
79f4104e1000-79f4104e4000 rw-p 001db000 00:2c 1180695                    /usr/lib/x86_64-linux-gnu/libstdc++.so.6.0.28
79f4104e4000-79f4104e7000 rw-p 00000000 00:00 0 
79f4104e7000-79f4104e9000 r--p 00000000 00:2c 1183286                    /usr/lib/x86_64-linux-gnu/librt-2.31.so
79f4104e9000-79f4104ed000 r-xp 00002000 00:2c 1183286                    /usr/lib/x86_64-linux-gnu/librt-2.31.so
79f4104ed000-79f4104ef000 r--p 00006000 00:2c 1183286                    /usr/lib/x86_64-linux-gnu/librt-2.31.so
79f4104ef000-79f4104f0000 r--p 00007000 00:2c 1183286                    /usr/lib/x86_64-linux-gnu/librt-2.31.so
79f4104f0000-79f4104f1000 rw-p 00008000 00:2c 1183286                    /usr/lib/x86_64-linux-gnu/librt-2.31.so
79f4104f1000-79f410792000 r--p 00000000 00:2c 1225970                    /usr/lib/jvm/java-21-openjdk-amd64/lib/server/libjvm.so
79f410792000-79f411603000 r-xp 002a1000 00:2c 1225970                    /usr/lib/jvm/java-21-openjdk-amd64/lib/server/libjvm.so
79f411603000-79f4118e0000 r--p 01112000 00:2c 1225970                    /usr/lib/jvm/java-21-openjdk-amd64/lib/server/libjvm.so
79f4118e0000-79f4118e1000 ---p 013ef000 00:2c 1225970                    /usr/lib/jvm/java-21-openjdk-amd64/lib/server/libjvm.so
79f4118e1000-79f4119b4000 r--p 013ef000 00:2c 1225970                    /usr/lib/jvm/java-21-openjdk-amd64/lib/server/libjvm.so
79f4119b4000-79f4119e4000 rw-p 014c2000 00:2c 1225970                    /usr/lib/jvm/java-21-openjdk-amd64/lib/server/libjvm.so
79f4119e4000-79f411a4c000 rw-p 00000000 00:00 0 
79f411a4c000-79f411a6e000 r--p 00000000 00:2c 1183256                    /usr/lib/x86_64-linux-gnu/libc-2.31.so
79f411a6e000-79f411be6000 r-xp 00022000 00:2c 1183256                    /usr/lib/x86_64-linux-gnu/libc-2.31.so
79f411be6000-79f411c34000 r--p 0019a000 00:2c 1183256                    /usr/lib/x86_64-linux-gnu/libc-2.31.so
79f411c34000-79f411c38000 r--p 001e7000 00:2c 1183256                    /usr/lib/x86_64-linux-gnu/libc-2.31.so
79f411c38000-79f411c3a000 rw-p 001eb000 00:2c 1183256                    /usr/lib/x86_64-linux-gnu/libc-2.31.so
79f411c3a000-79f411c3e000 rw-p 00000000 00:00 0 
79f411c3e000-79f411c3f000 r--p 00000000 00:2c 1183258                    /usr/lib/x86_64-linux-gnu/libdl-2.31.so
79f411c3f000-79f411c41000 r-xp 00001000 00:2c 1183258                    /usr/lib/x86_64-linux-gnu/libdl-2.31.so
79f411c41000-79f411c42000 r--p 00003000 00:2c 1183258                    /usr/lib/x86_64-linux-gnu/libdl-2.31.so
79f411c42000-79f411c43000 r--p 00003000 00:2c 1183258                    /usr/lib/x86_64-linux-gnu/libdl-2.31.so
79f411c43000-79f411c44000 rw-p 00004000 00:2c 1183258                    /usr/lib/x86_64-linux-gnu/libdl-2.31.so
79f411c44000-79f411c4a000 r--p 00000000 00:2c 1183282                    /usr/lib/x86_64-linux-gnu/libpthread-2.31.so
79f411c4a000-79f411c5b000 r-xp 00006000 00:2c 1183282                    /usr/lib/x86_64-linux-gnu/libpthread-2.31.so
79f411c5b000-79f411c61000 r--p 00017000 00:2c 1183282                    /usr/lib/x86_64-linux-gnu/libpthread-2.31.so
79f411c61000-79f411c62000 r--p 0001c000 00:2c 1183282                    /usr/lib/x86_64-linux-gnu/libpthread-2.31.so
79f411c62000-79f411c63000 rw-p 0001d000 00:2c 1183282                    /usr/lib/x86_64-linux-gnu/libpthread-2.31.so
79f411c63000-79f411c67000 rw-p 00000000 00:00 0 
79f411c68000-79f411c6a000 r--p 00000000 00:2c 1225944                    /usr/lib/jvm/java-21-openjdk-amd64/lib/libjimage.so
79f411c6a000-79f411c6d000 r-xp 00002000 00:2c 1225944                    /usr/lib/jvm/java-21-openjdk-amd64/lib/libjimage.so
79f411c6d000-79f411c6e000 r--p 00005000 00:2c 1225944                    /usr/lib/jvm/java-21-openjdk-amd64/lib/libjimage.so
79f411c6e000-79f411c6f000 ---p 00006000 00:2c 1225944                    /usr/lib/jvm/java-21-openjdk-amd64/lib/libjimage.so
79f411c6f000-79f411c70000 r--p 00006000 00:2c 1225944                    /usr/lib/jvm/java-21-openjdk-amd64/lib/libjimage.so
79f411c70000-79f411c71000 rw-p 00007000 00:2c 1225944                    /usr/lib/jvm/java-21-openjdk-amd64/lib/libjimage.so
79f411c71000-79f411c73000 r--p 00000000 00:2c 1225945                    /usr/lib/jvm/java-21-openjdk-amd64/lib/libjli.so
79f411c73000-79f411c7d000 r-xp 00002000 00:2c 1225945                    /usr/lib/jvm/java-21-openjdk-amd64/lib/libjli.so
79f411c7d000-79f411c80000 r--p 0000c000 00:2c 1225945                    /usr/lib/jvm/java-21-openjdk-amd64/lib/libjli.so
79f411c80000-79f411c81000 ---p 0000f000 00:2c 1225945                    /usr/lib/jvm/java-21-openjdk-amd64/lib/libjli.so
79f411c81000-79f411c82000 r--p 0000f000 00:2c 1225945                    /usr/lib/jvm/java-21-openjdk-amd64/lib/libjli.so
79f411c82000-79f411c83000 rw-p 00010000 00:2c 1225945                    /usr/lib/jvm/java-21-openjdk-amd64/lib/libjli.so
79f411c83000-79f411c85000 r--p 00000000 08:11 3408054                    /tmp/_MEIvK9AKG/libz.so.1
79f411c85000-79f411c96000 r-xp 00002000 08:11 3408054                    /tmp/_MEIvK9AKG/libz.so.1
79f411c96000-79f411c9c000 r--p 00013000 08:11 3408054                    /tmp/_MEIvK9AKG/libz.so.1
79f411c9c000-79f411c9d000 ---p 00019000 08:11 3408054                    /tmp/_MEIvK9AKG/libz.so.1
79f411c9d000-79f411c9e000 r--p 00019000 08:11 3408054                    /tmp/_MEIvK9AKG/libz.so.1
79f411c9e000-79f411c9f000 rw-p 0001a000 08:11 3408054                    /tmp/_MEIvK9AKG/libz.so.1
79f411c9f000-79f411ca1000 rw-p 00000000 00:00 0 
79f411ca1000-79f411ca2000 r--p 00000000 00:2c 1183249                    /usr/lib/x86_64-linux-gnu/ld-2.31.so
79f411ca2000-79f411cc5000 r-xp 00001000 00:2c 1183249                    /usr/lib/x86_64-linux-gnu/ld-2.31.so
79f411cc5000-79f411ccd000 r--p 00024000 00:2c 1183249                    /usr/lib/x86_64-linux-gnu/ld-2.31.so
79f411ccd000-79f411cce000 ---p 00000000 00:00 0 
79f411cce000-79f411ccf000 r--p 0002c000 00:2c 1183249                    /usr/lib/x86_64-linux-gnu/ld-2.31.so
79f411ccf000-79f411cd0000 rw-p 0002d000 00:2c 1183249                    /usr/lib/x86_64-linux-gnu/ld-2.31.so
79f411cd0000-79f411cd1000 rw-p 00000000 00:00 0 
7ffc240e6000-7ffc24108000 rw-p 00000000 00:00 0                          [stack]
7ffc24143000-7ffc24147000 r--p 00000000 00:00 0                          [vvar]
7ffc24147000-7ffc24149000 r-xp 00000000 00:00 0                          [vdso]
ffffffffff600000-ffffffffff601000 --xp 00000000 00:00 0                  [vsyscall]
Total number of mappings: 131


VM Arguments:
jvm_args: -Xms16G -Xmx16G 
java_command: fabric-server-launch.jar nogui
java_class_path (initial): fabric-server-launch.jar
Launcher Type: SUN_STANDARD

[Global flags]
     intx CICompilerCount                          = 3                                         {product} {ergonomic}
     uint ConcGCThreads                            = 1                                         {product} {ergonomic}
     uint G1ConcRefinementThreads                  = 4                                         {product} {ergonomic}
   size_t G1HeapRegionSize                         = 8388608                                   {product} {ergonomic}
    uintx GCDrainStackTargetSize                   = 64                                        {product} {ergonomic}
   size_t InitialHeapSize                          = 17179869184                               {product} {command line}
   size_t MarkStackSize                            = 4194304                                   {product} {ergonomic}
   size_t MaxHeapSize                              = 17179869184                               {product} {command line}
   size_t MinHeapDeltaBytes                        = 8388608                                   {product} {ergonomic}
   size_t MinHeapSize                              = 17179869184                               {product} {command line}
    uintx NonNMethodCodeHeapSize                   = 5832780                                {pd product} {ergonomic}
    uintx NonProfiledCodeHeapSize                  = 122912730                              {pd product} {ergonomic}
    uintx ProfiledCodeHeapSize                     = 122912730                              {pd product} {ergonomic}
    uintx ReservedCodeCacheSize                    = 251658240                              {pd product} {ergonomic}
     bool SegmentedCodeCache                       = true                                      {product} {ergonomic}
   size_t SoftMaxHeapSize                          = 17179869184                            {manageable} {ergonomic}
     bool UseCompressedOops                        = true                           {product lp64_product} {ergonomic}
     bool UseG1GC                                  = true                                      {product} {ergonomic}

Logging:
Log output configuration:
 #0: stdout all=warning uptime,level,tags foldmultilines=false
 #1: stderr all=off uptime,level,tags foldmultilines=false

Environment Variables:
JAVA_HOME=/usr/local/sdkman/candidates/java/current
PATH=/usr/local/rvm/gems/ruby-3.3.4/bin:/usr/local/rvm/gems/ruby-3.3.4@global/bin:/usr/local/rvm/rubies/ruby-3.3.4/bin:/vscode/bin/linux-x64/258e40fedc6cb8edf399a463ce3a9d32e7e1f6f3/bin/remote-cli:/home/codespace/.local/bin:/home/codespace/.dotnet:/home/codespace/nvm/current/bin:/home/codespace/.php/current/bin:/home/codespace/.python/current/bin:/home/codespace/java/current/bin:/home/codespace/.ruby/current/bin:/home/codespace/.local/bin:/usr/local/python/current/bin:/usr/local/py-utils/bin:/usr/local/jupyter:/usr/local/oryx:/usr/local/go/bin:/go/bin:/usr/local/sdkman/bin:/usr/local/sdkman/candidates/java/current/bin:/usr/local/sdkman/candidates/gradle/current/bin:/usr/local/sdkman/candidates/maven/current/bin:/usr/local/sdkman/candidates/ant/current/bin:/usr/local/rvm/gems/default/bin:/usr/local/rvm/gems/default@global/bin:/usr/local/rvm/rubies/default/bin:/usr/local/share/rbenv/bin:/usr/local/php/current/bin:/opt/conda/bin:/usr/local/nvs:/usr/local/share/nvm/versions/node/v20.19.0/bin:/usr/local/hugo/bin:/usr/local/sbin:/usr/local/bin:/usr/sbin:/usr/bin:/sbin:/bin:/usr/share/dotnet:/home/codespace/.dotnet/tools:/usr/local/rvm/bin:/home/codespace/.vscode-remote/extensions/ms-python.debugpy-2025.8.0-linux-x64/bundled/scripts/noConfigScripts
LD_LIBRARY_PATH=/tmp/_MEIvK9AKG
SHELL=/bin/bash
LANG=C.UTF-8
TERM=xterm-256color

Active Locale:
LC_ALL=C
LC_COLLATE=C
LC_CTYPE=C
LC_MESSAGES=C
LC_MONETARY=C
LC_NUMERIC=C
LC_TIME=C

Signal Handlers:
   SIGSEGV: crash_handler in libjvm.so, mask=11100100010111111101111111111110, flags=SA_RESTART|SA_SIGINFO, unblocked
    SIGBUS: crash_handler in libjvm.so, mask=11100100010111111101111111111110, flags=SA_RESTART|SA_SIGINFO, unblocked
    SIGFPE: crash_handler in libjvm.so, mask=11100100010111111101111111111110, flags=SA_RESTART|SA_SIGINFO, unblocked
   SIGPIPE: javaSignalHandler in libjvm.so, mask=11100100010111111101111111111110, flags=SA_RESTART|SA_SIGINFO, blocked
   SIGXFSZ: javaSignalHandler in libjvm.so, mask=11100100010111111101111111111110, flags=SA_RESTART|SA_SIGINFO, blocked
    SIGILL: crash_handler in libjvm.so, mask=11100100010111111101111111111110, flags=SA_RESTART|SA_SIGINFO, unblocked
   SIGUSR2: SR_handler in libjvm.so, mask=00000000000000000000000000000000, flags=SA_RESTART|SA_SIGINFO, blocked
    SIGHUP: SIG_DFL, mask=00000000000000000000000000000000, flags=none, blocked
    SIGINT: SIG_DFL, mask=00000000000000000000000000000000, flags=none, blocked
   SIGTERM: SIG_DFL, mask=00000000000000000000000000000000, flags=none, blocked
   SIGQUIT: UserHandler in libjvm.so, mask=11100100010111111101111111111110, flags=SA_RESTART|SA_SIGINFO, blocked
   SIGTRAP: crash_handler in libjvm.so, mask=11100100010111111101111111111110, flags=SA_RESTART|SA_SIGINFO, unblocked


Periodic native trim disabled

---------------  S Y S T E M  ---------------

OS:
DISTRIB_ID=Ubuntu
DISTRIB_RELEASE=20.04
DISTRIB_CODENAME=focal
DISTRIB_DESCRIPTION="Ubuntu 20.04.6 LTS"
uname: Linux 6.8.0-1027-azure #32~22.04.1-Ubuntu SMP Thu Apr  3 20:26:27 UTC 2025 x86_64
OS uptime: 0 days 2:35 hours
libc: glibc 2.31 NPTL 2.31 
rlimit (soft/hard): STACK 8192k/infinity , CORE infinity/infinity , NPROC infinity/infinity , NOFILE 1048576/1048576 , AS infinity/infinity , CPU infinity/infinity , DATA infinity/infinity , FSIZE infinity/infinity , MEMLOCK 8192k/8192k
load average: 0.70 0.56 0.55

/proc/meminfo:
MemTotal:       16373756 kB
MemFree:         1220976 kB
MemAvailable:   10072412 kB
Buffers:          466896 kB
Cached:          8278268 kB
SwapCached:            0 kB
Active:          6429204 kB
Inactive:        7819856 kB
Active(anon):    5022932 kB
Inactive(anon):   551964 kB
Active(file):    1406272 kB
Inactive(file):  7267892 kB
Unevictable:       27856 kB
Mlocked:           27856 kB
SwapTotal:             0 kB
SwapFree:              0 kB
Zswap:                 0 kB
Zswapped:              0 kB
Dirty:              2712 kB
Writeback:             0 kB
AnonPages:       5490416 kB
Mapped:           554992 kB
Shmem:             61920 kB
KReclaimable:     523184 kB
Slab:             656316 kB
SReclaimable:     523184 kB
SUnreclaim:       133132 kB
KernelStack:       11904 kB
PageTables:        64160 kB
SecPageTables:         0 kB
NFS_Unstable:          0 kB
Bounce:                0 kB
WritebackTmp:          0 kB
CommitLimit:     8186876 kB
Committed_AS:    7853848 kB
VmallocTotal:   34359738367 kB
VmallocUsed:       44472 kB
VmallocChunk:          0 kB
Percpu:             2352 kB
HardwareCorrupted:     0 kB
AnonHugePages:   2920448 kB
ShmemHugePages:        0 kB
ShmemPmdMapped:        0 kB
FileHugePages:         0 kB
FilePmdMapped:         0 kB
Unaccepted:            0 kB
HugePages_Total:       0
HugePages_Free:        0
HugePages_Rsvd:        0
HugePages_Surp:        0
Hugepagesize:       2048 kB
Hugetlb:               0 kB
DirectMap4k:      147392 kB
DirectMap2M:     5095424 kB
DirectMap1G:    13631488 kB

/sys/kernel/mm/transparent_hugepage/enabled: [always] madvise never
/sys/kernel/mm/transparent_hugepage/hpage_pmd_size: 2097152
/sys/kernel/mm/transparent_hugepage/defrag (defrag/compaction efforts parameter): always defer defer+madvise [madvise] never

Process Memory:
Virtual Size: 1054124K (peak: 17826832K)
Resident Set Size: 21596K (peak: 21596K) (anon: 7132K, file: 14464K, shmem: 0K)
Swapped out: 0K
C-Heap outstanding allocations: 14071K, retained: 600K
glibc malloc tunables: (default)

/proc/sys/kernel/threads-max (system-wide limit on the number of threads): 127876
/proc/sys/vm/max_map_count (maximum number of memory map areas a process may have): 65530
/proc/sys/vm/swappiness (control to define how aggressively the kernel swaps out anonymous memory): 60
/proc/sys/kernel/pid_max (system-wide limit on number of process identifiers): 4194304

container (cgroup) information:
container_type: cgroupv2
cpu_cpuset_cpus: not supported
cpu_memory_nodes: not supported
active_processor_count: 4
cpu_quota: no quota
cpu_period: 100000
cpu_shares: no shares
memory_limit_in_bytes: unlimited
memory_and_swap_limit_in_bytes: unlimited
memory_soft_limit_in_bytes: unlimited
memory_usage_in_bytes: 9319928 k
memory_max_usage_in_bytes: not supported
memory_swap_current_in_bytes: unlimited
memory_swap_max_limit_in_bytes: unlimited
maximum number of tasks: unlimited
current number of tasks: 255

Hyper-V virtualization detected
Steal ticks since vm start: 0
Steal ticks percentage since vm start:  0.000

CPU: total 4 (initial active 4) (16 cores per cpu, 2 threads per core) family 25 model 1 stepping 1 microcode 0xffffffff, cx8, cmov, fxsr, ht, mmx, 3dnowpref, sse, sse2, sse3, ssse3, sse4a, sse4.1, sse4.2, popcnt, lzcnt, tsc, tscinvbit, avx, avx2, aes, erms, clmul, bmi1, bmi2, adx, sha, fma, vzeroupper, clflush, clflushopt, hv, rdtscp, rdpid, fsrm, f16c, cet_ss
CPU Model and flags from /proc/cpuinfo:
model name	: AMD EPYC 7763 64-Core Processor
flags		: fpu vme de pse tsc msr pae mce cx8 apic sep mtrr pge mca cmov pat pse36 clflush mmx fxsr sse sse2 ht syscall nx mmxext fxsr_opt pdpe1gb rdtscp lm constant_tsc rep_good nopl tsc_reliable nonstop_tsc cpuid extd_apicid aperfmperf tsc_known_freq pni pclmulqdq ssse3 fma cx16 pcid sse4_1 sse4_2 movbe popcnt aes xsave avx f16c rdrand hypervisor lahf_lm cmp_legacy svm cr8_legacy abm sse4a misalignsse 3dnowprefetch osvw topoext vmmcall fsgsbase bmi1 avx2 smep bmi2 erms invpcid rdseed adx smap clflushopt clwb sha_ni xsaveopt xsavec xgetbv1 xsaves user_shstk clzero xsaveerptr rdpru arat npt nrip_save tsc_scale vmcb_clean flushbyasid decodeassists pausefilter pfthreshold v_vmsave_vmload umip vaes vpclmulqdq rdpid fsrm

Online cpus: 0-3
Offline cpus: 
BIOS frequency limitation: <Not Available>
Frequency switch latency (ns): <Not Available>
Available cpu frequencies: <Not Available>
Current governor: <Not Available>
Core performance/turbo boost: <Not Available>

Memory: 4k page, physical 16373756k(10072412k free), swap 0k(0k free)
Page Sizes: 4k

vm_info: OpenJDK 64-Bit Server VM (21.0.7+6-Ubuntu-0ubuntu120.04) for linux-amd64 JRE (21.0.7+6-Ubuntu-0ubuntu120.04), built on 2025-04-17T05:57:30Z by "buildd" with gcc 10.5.0

END.
